Filtered out A0A2S6VSE8..
Filtered out A0A2G6MGS1..
Filtered out A0A3S4LZ82..
Filtered out W1F510..
Filtered out A0A2D4TXL5..
Filtered out A0A2P6C3I8..
Filtered out UPI001269956B..
Filtered out A0A377B5C0..
Filtered out A0A2X1TTI2..
Filtered out A0A3M1NS26..
Filtered out A0A376MMW9..
Filtered out A0A3T1DWG9..
Filtered out A0A4U9U359..
Filtered out UPI000719D4C5..
Filtered out A0A2X3CYY8..
Filtered out A0A379EHE3..
Filtered out A0A258C3A7..
Filtered out A0A520YD46..
Filtered out A0A3C0SXA6..
Filtered out A0A3D4ENU3..
Filtered out A0A447MDF2..
Filtered out A0A5C9C9Y1..
Filtered out A0A381GWJ6..
Filtered out A0A2X2YR17..
Filtered out A0A377BTD7..
Filtered out A0A377B6H2..
Filtered out W1EG02..
Filtered out Q9AQ97..
Filtered out A0A3D1Y2U8..
Filtered out A0A655NTE7..
Filtered out A0A2T2UWS4..
Filtered out UPI000200CBFD..
Filtered out A0A4U9IWF1..
Filtered out A0A2X1QM14..
Filtered out UPI0003F9E6FA..
Filtered out A0A2X4VI15..
Filtered out A0A447MCY4..
Filtered out W1DGC2..
Filtered out UPI0011865A71..
Filtered out A0A2E2SAF5..
Filtered out A0A2X1NBW8..
Filtered out A0A3T1DWW4..
Filtered out A0A2G6FEN3..
Filtered out A0A2D4QY90..
Filtered out G4A5N3..
Filtered out A0A3S4EXH9..
Filtered out A0A2X1PW85..
Filtered out A0A3S4TXK8..
Filtered out A0A1Y5I0A6..
Filtered out E6N6A8..
Filtered out A0A376MLX7..
Filtered out A0A519WQW6..
Filtered out A0A377B7R8..
Filtered out A0A377BRA9..
Filtered out A0A4U9KGP5..
Filtered out A0A661R269..
Filtered out A0A447Y5C4..
Filtered out A0A484WUN4..
Filtered out R1FH90..
Filtered out A0A1D2P4I0..
Filtered out A0A2X1NUP5..
Filtered out A0A447Y5C6..
Filtered out A0A0B8QJX4..
Filtered out A0A486XF57..
Filtered out A0A350M7U4..
Filtered out A0A2X1J625..
Filtered out A0A377B8L2..
Filtered out A0A0F9E350..
Filtered out D1NDZ4..
Filtered out A0A377XHJ9..
Filtered out UPI000EF714E2..
Filtered out A0A3B8WN09..
Filtered out A0A3D6DIM9..
Filtered out R1DU53..
Filtered out A0A486XEI0..
Filtered out A0A3B9ZNY1..
Filtered out UPI000837099F..
Filtered out A0A376TYJ3..
Filtered out A0A151BDN5..
Filtered out A0A377C9W4..
Filtered out A0A349KPL3..
Filtered out A0A1Q7THI9..
Filtered out UPI000CD95E6B..
Filtered out A0A645EXA8..
Filtered out A0A486XDW3..
Filtered out J6CMD7..
Filtered out UPI0003A72D31..
Filtered out W7XUZ1..
Filtered out J5N599..
Filtered out A0A4U9D3Q3..
Filtered out A0A2X1J958..
Filtered out Q6AQB8..
Filtered out A0A4U9J095..
Filtered out A0A349NAT1..
Filtered out A0A376TZ66..
Filtered out A0A3B9G9L3..
Filtered out A0A6B0Z8G4..
Filtered out A0A377CB87..
Filtered out A0A0B8QPF5..
Filtered out A0A350P1B1..
Filtered out A0A4U1A4Y5..
Filtered out UPI0010594F77..
Filtered out A0A3S4F0Z8..
Filtered out A0A496N7C1..
Filtered out A0A3B8WUS4..
Filtered out A0A376L7K2..
Filtered out A0A536LLH7..
Filtered out UPI000B3C7A11..
Filtered out A0A377C9Y1..
Filtered out A0A259NYZ6..
Filtered out A0A2G6MG93..
Filtered out A0A509D2S9..
Filtered out A0A659S4T5..
Filtered out W1EC56..
Filtered out UPI000B2C3907..
Filtered out A0A4V6JND9..
Filtered out A0A2N2IX40..
Filtered out A0A3D1Y438..
Filtered out UPI00132C253D..
Filtered out A0A3T1DWM0..
Filtered out Q6AQB7..
Filtered out A0A4V6CJP6..
Filtered out A0A455UHS5..
Filtered out A0A381GVJ8..
Filtered out A0A377TJQ8..
Filtered out A7TA63..
Filtered out A0A141RK46..
Filtered out A0A660TAG9..
Filtered out UPI001124E3F2..
Filtered out A0A509D350..
Filtered out A0A4U9D3J3..
Filtered out A0A2X1JPS5..
Filtered out A0A3C1S1U5..
Filtered out A0A349NPY7..
Filtered out UPI000B34D63B..
Filtered out A0A519W610..
Filtered out A0A376MLW7..
Filtered out A0A3C0G8Q1..
Filtered out A0A359DW70..
Filtered out A0A376TYD2..
Filtered out UPI0013BCD99A..
Filtered out A0A3B9ZN95..
Filtered out UPI0005AB913E..
Filtered out A0A661Q1W5..
Filtered out D1NFU6..
Filtered out A0A3D4JY86..
Filtered out A0A3R7U606..
Filtered out A0A376TZ52..
Filtered out A0A3D4JVF5..
Filtered out A0A432Q5Q6..
Filtered out A0A1E7J6C1..
Filtered out A0A1V0DDH4..
Filtered out X2JYY9..
Filtered out UPI00048D5855..
Filtered out UPI00141F3312..
Filtered out Q9AQ99..
Filtered out Q9AQ98..
Filtered out A0A382LHX0..
Filtered out A0A661P574..
Filtered out A0A377CA49..
Filtered out A0A379EHF5..
Filtered out UPI0012BD1264..
Filtered out A0A069J798..
Filtered out A0A3S4KE53..
Filtered out A0A0B7IUM4..
Filtered out A0A4U9J0J2..
Filtered out A0A376L4S6..
Filtered out A0A4U9U5C1..
Filtered out A0A2D9XCM1..
Filtered out A0A496PN45..
Filtered out A0A535D7N6..
Filtered out A0A090SBH0..
Filtered out A0A381GVC4..
Filtered out A0A2D9I7Q8..
Filtered out UPI0003796849..
Filtered out A0A655R4U7..
Filtered out A0A524JA03..
Filtered out B3GZB0..
Filtered out A0A699JLZ7..
Filtered out A0A2E7CTC5..
Filtered out A0A4U9UD60..
Filtered out A0A377PBI4..
Filtered out A0A381U8F7..
Filtered out A0A484Z421..
Filtered out A0A520Y752..
Filtered out A0A350J9G8..
Filtered out A0A350J9G9..
Filtered out A0A2E3RSE7..
Filtered out E5KV47..
Filtered out B3GZA9..
Filtered out UPI000487D282..
Filtered out A0A4U9KGX0..
Filtered out A0A0A2WKS2..
Filtered out A0A379WHY3..
Filtered out A0A379BEX3..
Filtered out A0A348MV50..
Filtered out UPI00135B474F..
Filtered out A0A2X1JUG5..
# of tax targets originally: 334
# of tax targets after trimming: 136
Filtered out A0A1B7P789..
Filtered out A0A3S1F8J6..
Filtered out UPI0004DFB4CF..
Filtered out UPI0012F91BFB..
Filtered out A0A2N2X836..
Filtered out UPI00046974B4..
Filtered out A0A4Q3KZF5..
Filtered out A0A537E7L8..
Filtered out A0A0A1P528..
Filtered out A0A0K8Q3B1..
Filtered out A0A519UI44..
Filtered out A0A0H3KV01..
Filtered out A0A1E5UG16..
Filtered out A0A529K2X4..
Filtered out X8FG49..
Filtered out UPI0009846617..
Filtered out A0A350QW75..
Filtered out A0A350AT72..
Filtered out A0A0C7CD12..
Filtered out A0A103YFP5..
Filtered out UPI000A1D23F5..
Filtered out A0A382J4Z1..
Filtered out UPI000C1C93E7..
Filtered out A0A524KFR2..
Filtered out A0A0V0H0P5..
Filtered out UPI001058D2CF..
Filtered out A0A2E8UD67..
Filtered out A0A2E1EA59..
Filtered out A0A382ES76..
Filtered out A0A0G4NG77..
Filtered out A0A657VT83..
Filtered out A0A4Q5SA41..
Filtered out G8P3H2..
Filtered out A0A074RH89..
Filtered out A0A150G5Q3..
Filtered out A0A3D2R8H0..
Filtered out A0A383B550..
Filtered out A0A424KZF3..
Filtered out UPI0004148AA5..
Filtered out A0A2V7KIU2..
Filtered out UPI0013EB63A8..
Filtered out UPI000C9D6206..
Filtered out A0A0F3GPP3..
Filtered out A0A383B8J6..
Filtered out UPI000E312A99..
Filtered out UPI00136CD52A..
Filtered out A0A3L7XZ09..
Filtered out UPI0011F2B2B3..
Filtered out A0A4P9Z932..
Filtered out A0A6A5AAN0..
Filtered out A0A382MXB1..
Filtered out A0A537FJ48..
Filtered out A0A2K1C2T6..
Filtered out A0A2J6LHS3..
Filtered out A0A519Y2D5..
Filtered out A0A5Q4DNN4..
Filtered out UPI00128B6EA9..
Filtered out UPI00136C81A8..
Filtered out UPI00071DD36E..
Filtered out UPI000354FE54..
Filtered out A0A2E9FKU7..
Filtered out A0A0A1P774..
Filtered out A0A180H4J6..
Filtered out A0A257RTJ1..
Filtered out A0A226XZ37..
Filtered out A0A1W1D5W7..
Filtered out UPI00135E27D2..
Filtered out A0A397INH2..
Filtered out A0A1W1DF99..
Filtered out A0A0E9LT87..
Filtered out UPI00057B979A..
Filtered out A0A4Q3NYP6..
Filtered out A0A645DEF6..
Filtered out A0A3D4TDF2..
Filtered out A0A352Q401..
Filtered out UPI0012FCF11A..
Filtered out A0A357JH16..
Filtered out A0A455V5M4..
Filtered out A0A2V1DJX3..
Filtered out A0A1W1DTH2..
Filtered out UPI0012BB5953..
Filtered out A0A4Z0XJ98..
Filtered out UPI0012EB0FF5..
Filtered out UPI000DBD9105..
Filtered out A0A0F9G999..
Filtered out UPI0013776000..
Filtered out L8WRE8..
Filtered out UPI0013740001..
Filtered out UPI0009EA4012..
Filtered out A0A258KPK0..
Filtered out A0A3D3P7J6..
Filtered out UPI00131D7F07..
Filtered out UPI0013E2096E..
Filtered out UPI00053C8EAA..
Filtered out A0A3D5AVK6..
Filtered out A0A061NIG8..
Filtered out A0A060ULQ8..
Filtered out UPI0013D60BC4..
Filtered out A0A4Q3X275..
Filtered out UPI001297608D..
Filtered out A0A2E0PVL0..
Filtered out A0A382JL57..
Filtered out A0A661H724..
Filtered out A0A3S1LAG1..
Filtered out UPI0004186FB6..
Filtered out G6EQB5..
Filtered out A0A1Y1KJH4..
Filtered out A0A063BQG3..
Filtered out A0A397JGR2..
Filtered out A0A496NIR8..
Filtered out UPI000646B31D..
Filtered out A0A2J0LJL7..
Filtered out A0A0G4NRJ5..
Filtered out A0A535WQI9..
Filtered out A0A3C1K9N1..
Filtered out A0A350CKP5..
Filtered out A0A382GKN4..
Filtered out A0A4Q3ECV4..
Filtered out A0A1B8EB11..
Filtered out A0A527Y366..
Filtered out A0A0A1PJW4..
Filtered out UPI000169B21B..
Filtered out A0A455V2Q4..
Filtered out A0A0G4LG08..
Filtered out A0A345UNX0..
Filtered out UPI000F8CE9D3..
Filtered out A0A382XTY2..
Filtered out A0A4Q4YGL1..
Filtered out UPI00094EA94D..
Filtered out UPI00117994A7..
Filtered out A0A356IYW6..
Filtered out UPI000E3DD4CF..
Filtered out A0A2I0KUG0..
Filtered out UPI00144A8442..
Filtered out A0A150G5U4..
Filtered out W9K0U1..
Filtered out A0A0R1WC80..
Filtered out A0A345UNX1..
Filtered out W4Q440..
Filtered out UPI0012FBA93A..
Filtered out A0A356QMF5..
Filtered out UPI00063ACF47..
Filtered out UPI0002E4C1CD..
Filtered out UPI000255A4F1..
Filtered out A0A523HJ88..
Filtered out UPI00136B3592..
Filtered out A0A519XIB7..
Filtered out T0Z413..
Filtered out A0A482ZR04..
Filtered out A0A4Q3UCE6..
Filtered out A0A356IZE4..
Filtered out UPI00084BB92F..
Filtered out A0A382EUE7..
Filtered out A0A1U8JLG8..
Filtered out A0A3D1E6L3..
Filtered out UPI0009D715D6..
Filtered out W8IGC2..
Filtered out A0A349NDD1..
Filtered out UPI0006BBA04E..
Filtered out X8BI99..
Filtered out A0A259FKM7..
Filtered out UPI001370FDF9..
Filtered out A0A3L6VXA2..
Filtered out UPI0010A02510..
Filtered out A0A4U9KNN6..
Filtered out A0A382L5A1..
Filtered out A0A2S8EZ14..
Filtered out UPI00036625F3..
Filtered out A0A4Q3WU01..
Filtered out UPI000C228843..
Filtered out A0A2K3JK49..
Filtered out A0A397IHU6..
Filtered out A0A0D2KHJ9..
Filtered out X1P3D9..
Filtered out UPI0012657176..
Filtered out UPI00084A91DC..
Filtered out A0A0D2KBF1..
Filtered out UPI00144A5C43..
Filtered out UPI000CD9C715..
Filtered out A0A444CLX4..
Filtered out A0A4U9KKA9..
Filtered out A0A3N5MVC2..
Filtered out A0A4V1IXS9..
Filtered out A0A392MP55..
Filtered out A0A251XHK7..
Filtered out A0A059B2H6..
Filtered out X8BGE7..
Filtered out A0A6B0YHZ0..
Filtered out A0A2K3L1L2..
Filtered out A0A2P2HI90..
Filtered out A0A3D5AZU0..
Filtered out A0A656PJT6..
Filtered out A0A0F9FG14..
Filtered out A0A348TSY7..
Filtered out UPI000E2FE5A2..
Filtered out UPI00144756D4..
Filtered out A0A3D1P7E5..
Filtered out A0A4S2HZH6..
Filtered out UPI0013798C3B..
Filtered out L0E1N4..
Filtered out UPI0005579D69..
Filtered out UPI0013701BA4..
Filtered out C1J3G8..
Filtered out UPI000DE303CA..
Filtered out A0A2P4Y2D1..
Filtered out A0A3N9V1W3..
Filtered out K1YIQ4..
Filtered out A0A523NZI2..
Filtered out A0A239N3T2..
Filtered out A0A351KRR8..
Filtered out A0A4Q6ASG8..
Filtered out A0A3D1CIL1..
Filtered out A0A257LFU4..
Filtered out A0A355BDU5..
Filtered out A0A376E8J3..
Filtered out UPI001177972F..
Filtered out A0A3M2BKJ7..
Filtered out A0A521YUW0..
Filtered out A0A4Q3EXD7..
Filtered out A0A2G2Y9A0..
Filtered out A0A3L6N7N4..
Filtered out A0A1Y1MNR5..
Filtered out A0A2A4REF7..
# of tax targets originally: 1098
# of tax targets after trimming: 875
