Skipped UniRef90_A0A2E3RSE7..
Skipped UniRef90_A0A1Q7THI9..
Skipped UniRef90_A0A536LLH7..
Skipped UniRef90_A0A535D7N6..
Skipped UniRef90_A0A2X1JUG5..
Skipped UniRef90_A0A2X1NUP5..
Skipped UniRef90_A0A376MMW9..
Skipped UniRef90_A0A2X1PW85..
Skipped UniRef90_A0A519W610..
Skipped UniRef90_A0A3C0SXA6..
Skipped UniRef90_A0A259NYZ6..
Skipped UniRef90_A0A432Q5Q6..
Skipped UniRef90_A0A661R269..
Skipped UniRef90_A0A376L4S6..
Skipped UniRef90_Q9AQ98..
Skipped UniRef90_A0A379BEX3..
Skipped UniRef90_Q9AQ97..
Skipped UniRef90_Q9AQ99..
Skipped UniRef90_A0A258C3A7..
Skipped UniRef90_W7XUZ1..
Skipped UniRef90_A0A2E7CTC5..
Skipped UniRef90_A0A2D9XCM1..
Skipped UniRef90_A0A359DW70..
Skipped UniRef90_A0A661P574..
Skipped UniRef90_A0A3B9G9L3..
Skipped UniRef90_A0A699JLZ7..
Skipped UniRef90_A0A496PN45..
Skipped UniRef90_A0A151BDN5..
Skipped UniRef90_E6N6A8..
Skipped UniRef90_A0A2T2UWS4..
Skipped UniRef90_A0A1V0DDH4..
Skipped UniRef90_A0A2P6C3I8..
Skipped UniRef90_A0A3M1NS26..
Skipped UniRef90_A0A6B0Z8G4..
Skipped UniRef90_A0A0A2WKS2..
Skipped UniRef90_A0A377PBI4..
Skipped UniRef90_A0A377BTD7..
Skipped UniRef90_J6CMD7..
Skipped UniRef90_A0A4U9KGX0..
Skipped UniRef90_A0A3D6DIM9..
Skipped UniRef90_A0A5C9C9Y1..
Skipped UniRef90_A0A3S4KE53..
Skipped UniRef90_A0A3D1Y438..
Skipped UniRef90_B3GZA9..
Skipped UniRef90_A0A2X1J958..
Skipped UniRef90_G4A5N3..
Skipped UniRef90_A0A520YD46..
Skipped UniRef90_A0A3B9ZN95..
Skipped UniRef90_A0A350J9G8..
Skipped UniRef90_A0A645EXA8..
Skipped UniRef90_A0A2G6MG93..
Skipped UniRef90_A0A0B8QPF5..
Skipped UniRef90_A0A3B8WUS4..
Skipped UniRef90_A0A2D4QY90..
Skipped UniRef90_A0A524JA03..
Skipped UniRef90_A0A3D4JVF5..
Skipped UniRef90_A0A655R4U7..
Skipped UniRef90_A0A660TAG9..
Skipped UniRef90_A0A349NAT1..
Skipped UniRef90_Q6AQB7..
Skipped UniRef90_A0A348MV50..
Skipped UniRef90_A7TA63..
Skipped UniRef90_R1DU53..
Skipped UniRef90_A0A381U8F7..
Skipped UniRef90_A0A379WHY3..
Skipped UniRef90_A0A520Y752..
Skipped UniRef90_A0A509D350..
Skipped UniRef90_A0A0F9E350..
Skipped UniRef90_A0A486XF57..
Skipped UniRef90_A0A3S4TXK8..
Skipped UniRef90_A0A377BRA9..
Skipped UniRef90_A0A350P1B1..
Skipped UniRef90_A0A2X1TTI2..
Skipped UniRef90_A0A1E7J6C1..
Skipped UniRef90_B3GZB0..
Skipped UniRef90_A0A455UHS5..
Skipped UniRef90_Q6AQB8..
Skipped UniRef90_W1DGC2..
Skipped UniRef90_A0A4U9U5C1..
Skipped UniRef90_A0A349KPL3..
Skipped UniRef90_A0A376L7K2..
Skipped UniRef90_A0A3D4ENU3..
Skipped UniRef90_A0A4V6JND9..
Skipped UniRef90_A0A3D4JY86..
Skipped UniRef90_A0A447MDF2..
Skipped UniRef90_E5KV47..
Skipped UniRef90_A0A2E2SAF5..
Skipped UniRef90_A0A2N2IX40..
Skipped UniRef90_A0A3B9ZNY1..
Skipped UniRef90_A0A377XHJ9..
Skipped UniRef90_A0A350M7U4..
Skipped UniRef90_W1EG02..
Skipped UniRef90_A0A382LHX0..
Skipped UniRef90_A0A3B8WN09..
Skipped UniRef90_A0A3S4F0Z8..
Skipped UniRef90_A0A0B8QJX4..
Skipped UniRef90_A0A484WUN4..
Skipped UniRef90_A0A2D9I7Q8..
Skipped UniRef90_A0A3R7U606..
Skipped UniRef90_A0A4U9KGP5..
Skipped UniRef90_A0A069J798..
Skipped UniRef90_A0A376TYJ3..
Skipped UniRef90_A0A509D2S9..
Skipped UniRef90_A0A2X1NBW8..
Skipped UniRef90_D1NDZ4..
Skipped UniRef90_A0A381GWJ6..
Skipped UniRef90_A0A141RK46..
Skipped UniRef90_A0A3D1Y2U8..
Skipped UniRef90_A0A4U9J0J2..
Skipped UniRef90_A0A377B7R8..
Skipped UniRef90_A0A496N7C1..
Skipped UniRef90_A0A377CA49..
Skipped UniRef90_A0A659S4T5..
Skipped UniRef90_A0A349NPY7..
Skipped UniRef90_A0A381GVJ8..
Skipped UniRef90_A0A3T1DWM0..
Skipped UniRef90_A0A2G6FEN3..
Skipped UniRef90_A0A4U9D3J3..
Skipped UniRef90_A0A3C0G8Q1..
Skipped UniRef90_A0A447Y5C4..
Skipped UniRef90_A0A4U9UD60..
Skipped UniRef90_A0A3C1S1U5..
Skipped UniRef90_A0A3T1DWG9..
Skipped UniRef90_A0A377B5C0..
Skipped UniRef90_A0A486XEI0..
Skipped UniRef90_A0A350J9G9..
Skipped UniRef90_A0A4V6CJP6..
Skipped UniRef90_A0A486XDW3..
Skipped UniRef90_A0A376TYD2..
Skipped UniRef90_A0A377C9Y1..
Skipped UniRef90_A0A2X4VI15..
Skipped UniRef90_A0A447Y5C6..
Skipped UniRef90_A0A4U9U359..
Skipped UniRef90_A0A2X1J625..
Skipped UniRef90_A0A2X1QM14..
Skipped UniRef90_A0A2X1JPS5..
Skipped UniRef90_A0A447MCY4..
Skipped UniRef90_X2JYY9..
Skipped UniRef90_A0A377B8L2..
Skipped UniRef90_A0A2D4TXL5..
Skipped UniRef90_A0A1Y5I0A6..
Skipped UniRef90_A0A519WQW6..
Skipped UniRef90_J5N599..
Skipped UniRef90_A0A376MLX7..
Skipped UniRef90_W1F510..
Skipped UniRef90_A0A3T1DWW4..
Skipped UniRef90_A0A377C9W4..
Skipped UniRef90_A0A3S4LZ82..
Skipped UniRef90_A0A376MLW7..
Skipped UniRef90_A0A377CB87..
Skipped UniRef90_A0A4U9IWF1..
Skipped UniRef90_D1NFU6..
Skipped UniRef90_A0A661Q1W5..
Skipped UniRef90_A0A2X3CYY8..
Skipped UniRef90_A0A4U9D3Q3..
Skipped UniRef90_A0A2G6MGS1..
Skipped UniRef90_A0A3S4EXH9..
Skipped UniRef90_A0A090SBH0..
Skipped UniRef90_A0A4U9J095..
Skipped UniRef90_A0A376TZ66..
Skipped UniRef90_A0A1D2P4I0..
Skipped UniRef90_A0A376TZ52..
Skipped UniRef90_W1EC56..
Skipped UniRef90_A0A377TJQ8..
Skipped UniRef90_A0A377B6H2..
Skipped UniRef90_A0A381GVC4..
Skipped UniRef90_A0A2S6VSE8..
Skipped UniRef90_R1FH90..
Skipped UniRef90_A0A2X2YR17..
Skipped UniRef90_A0A655NTE7..
Skipped UniRef90_A0A0B7IUM4..
# of sequences originally: 307
# of sequences after trimming: 136
Skipped UniRef90_A0A392MP55..
Skipped UniRef90_A0A0R1WC80..
Skipped UniRef90_A0A063BQG3..
Skipped UniRef90_A0A424KZF3..
Skipped UniRef90_A0A2J0LJL7..
Skipped UniRef90_A0A0D2KHJ9..
Skipped UniRef90_A0A251XHK7..
Skipped UniRef90_A0A383B8J6..
Skipped UniRef90_A0A383B550..
Skipped UniRef90_A0A2E9FKU7..
Skipped UniRef90_A0A521YUW0..
Skipped UniRef90_A0A2K3L1L2..
Skipped UniRef90_A0A3L6N7N4..
Skipped UniRef90_G6EQB5..
Skipped UniRef90_A0A348TSY7..
Skipped UniRef90_A0A3D3P7J6..
Skipped UniRef90_A0A059B2H6..
Skipped UniRef90_A0A350QW75..
Skipped UniRef90_A0A645DEF6..
Skipped UniRef90_A0A4Q3UCE6..
Skipped UniRef90_A0A356QMF5..
Skipped UniRef90_A0A382JL57..
Skipped UniRef90_A0A3L6VXA2..
Skipped UniRef90_A0A074RH89..
Skipped UniRef90_L8WRE8..
Skipped UniRef90_A0A0V0H0P5..
Skipped UniRef90_A0A345UNX0..
Skipped UniRef90_A0A2G2Y9A0..
Skipped UniRef90_A0A0A1PJW4..
Skipped UniRef90_A0A0K8Q3B1..
Skipped UniRef90_A0A349NDD1..
Skipped UniRef90_A0A3S1F8J6..
Skipped UniRef90_A0A455V2Q4..
Skipped UniRef90_A0A382ES76..
Skipped UniRef90_A0A259FKM7..
Skipped UniRef90_A0A496NIR8..
Skipped UniRef90_A0A352Q401..
Skipped UniRef90_A0A0H3KV01..
Skipped UniRef90_A0A4Q4YGL1..
Skipped UniRef90_A0A0G4NG77..
Skipped UniRef90_A0A2V1DJX3..
Skipped UniRef90_L0E1N4..
Skipped UniRef90_A0A2E8UD67..
Skipped UniRef90_A0A527Y366..
Skipped UniRef90_G8P3H2..
Skipped UniRef90_A0A519UI44..
Skipped UniRef90_A0A657VT83..
Skipped UniRef90_A0A0G4LG08..
Skipped UniRef90_A0A4Q3ECV4..
Skipped UniRef90_A0A3D2R8H0..
Skipped UniRef90_A0A519XIB7..
Skipped UniRef90_A0A4Q3NYP6..
Skipped UniRef90_A0A257LFU4..
Skipped UniRef90_A0A3D4TDF2..
Skipped UniRef90_A0A3D1E6L3..
Skipped UniRef90_A0A2A4REF7..
Skipped UniRef90_A0A482ZR04..
Skipped UniRef90_W8IGC2..
Skipped UniRef90_A0A258KPK0..
Skipped UniRef90_A0A376E8J3..
Skipped UniRef90_A0A0F9FG14..
Skipped UniRef90_A0A3L7XZ09..
Skipped UniRef90_W9K0U1..
Skipped UniRef90_A0A345UNX1..
Skipped UniRef90_A0A3N5MVC2..
Skipped UniRef90_A0A350AT72..
Skipped UniRef90_A0A535WQI9..
Skipped UniRef90_A0A2E0PVL0..
Skipped UniRef90_A0A3D1CIL1..
Skipped UniRef90_A0A1W1DTH2..
Skipped UniRef90_A0A2P4Y2D1..
Skipped UniRef90_A0A3M2BKJ7..
Skipped UniRef90_C1J3G8..
Skipped UniRef90_A0A1U8JLG8..
Skipped UniRef90_A0A4Z0XJ98..
Skipped UniRef90_A0A1E5UG16..
Skipped UniRef90_A0A382EUE7..
Skipped UniRef90_A0A357JH16..
Skipped UniRef90_A0A519Y2D5..
Skipped UniRef90_A0A4P9Z932..
Skipped UniRef90_A0A3D5AZU0..
Skipped UniRef90_A0A2K1C2T6..
Skipped UniRef90_A0A0F9G999..
Skipped UniRef90_A0A2V7KIU2..
Skipped UniRef90_W4Q440..
Skipped UniRef90_A0A455V5M4..
Skipped UniRef90_T0Z413..
Skipped UniRef90_A0A2S8EZ14..
Skipped UniRef90_A0A2P2HI90..
Skipped UniRef90_A0A1W1D5W7..
Skipped UniRef90_A0A351KRR8..
Skipped UniRef90_A0A2E1EA59..
Skipped UniRef90_A0A1Y1MNR5..
Skipped UniRef90_A0A4Q3WU01..
Skipped UniRef90_A0A6A5AAN0..
Skipped UniRef90_A0A523HJ88..
Skipped UniRef90_K1YIQ4..
Skipped UniRef90_A0A382L5A1..
Skipped UniRef90_A0A356IYW6..
Skipped UniRef90_A0A257RTJ1..
Skipped UniRef90_A0A4U9KNN6..
Skipped UniRef90_A0A4V1IXS9..
Skipped UniRef90_A0A356IZE4..
Skipped UniRef90_A0A382MXB1..
Skipped UniRef90_A0A4Q5SA41..
Skipped UniRef90_A0A1B7P789..
Skipped UniRef90_A0A2I0KUG0..
Skipped UniRef90_A0A0E9LT87..
Skipped UniRef90_A0A1B8EB11..
Skipped UniRef90_A0A529K2X4..
Skipped UniRef90_A0A523NZI2..
Skipped UniRef90_X8BGE7..
Skipped UniRef90_A0A382XTY2..
Skipped UniRef90_A0A2K3JK49..
Skipped UniRef90_A0A3D5AVK6..
Skipped UniRef90_A0A180H4J6..
Skipped UniRef90_A0A0G4NRJ5..
Skipped UniRef90_A0A2N2X836..
Skipped UniRef90_X1P3D9..
Skipped UniRef90_A0A3C1K9N1..
Skipped UniRef90_A0A4Q6ASG8..
Skipped UniRef90_A0A0D2KBF1..
Skipped UniRef90_A0A150G5Q3..
Skipped UniRef90_A0A2J6LHS3..
Skipped UniRef90_A0A397IHU6..
Skipped UniRef90_A0A6B0YHZ0..
Skipped UniRef90_A0A382GKN4..
Skipped UniRef90_A0A3D1P7E5..
Skipped UniRef90_A0A1Y1KJH4..
Skipped UniRef90_A0A4Q3KZF5..
Skipped UniRef90_A0A5Q4DNN4..
Skipped UniRef90_A0A524KFR2..
Skipped UniRef90_A0A537FJ48..
Skipped UniRef90_X8BI99..
Skipped UniRef90_A0A103YFP5..
Skipped UniRef90_A0A350CKP5..
Skipped UniRef90_A0A4U9KKA9..
Skipped UniRef90_A0A661H724..
Skipped UniRef90_A0A4Q3EXD7..
Skipped UniRef90_A0A397INH2..
Skipped UniRef90_A0A537E7L8..
Skipped UniRef90_A0A150G5U4..
Skipped UniRef90_A0A0F3GPP3..
Skipped UniRef90_A0A355BDU5..
Skipped UniRef90_A0A382J4Z1..
Skipped UniRef90_A0A061NIG8..
Skipped UniRef90_A0A1W1DF99..
Skipped UniRef90_X8FG49..
Skipped UniRef90_A0A239N3T2..
Skipped UniRef90_A0A397JGR2..
Skipped UniRef90_A0A444CLX4..
Skipped UniRef90_A0A3N9V1W3..
Skipped UniRef90_A0A060ULQ8..
# of sequences originally: 1028
# of sequences after trimming: 875
